<?xml version="1.0" encoding="UTF-8"?>
<testng-results ignored="0" total="1" passed="1" failed="0" skipped="0">
  <reporter-output>
  </reporter-output>
  <suite started-at="2023-02-08T13:40:07 EST" name="Default suite" finished-at="2023-02-08T13:40:26 EST" duration-ms="18853">
    <groups>
    </groups>
    <test started-at="2023-02-08T13:40:07 EST" name="Default test" finished-at="2023-02-08T13:40:26 EST" duration-ms="18853">
      <class name="Lighthouse.Seleniumtest">
        <test-method is-config="true" signature="startTest()[pri:0, instance:Lighthouse.Seleniumtest@31fa1761]" started-at="2023-02-08T13:40:07 EST" name="startTest" finished-at="2023-02-08T13:40:07 EST" duration-ms="149" status="PASS">
          <reporter-output>
          </reporter-output>
        </test-method> <!-- startTest -->
        <test-method signature="extentReports()[pri:0, instance:Lighthouse.Seleniumtest@31fa1761]" started-at="2023-02-08T13:40:07 EST" name="extentReports" finished-at="2023-02-08T13:40:26 EST" duration-ms="18393" status="PASS">
          <reporter-output>
          </reporter-output>
        </test-method> <!-- extentReports -->
        <test-method is-config="true" signature="endTest()[pri:0, instance:Lighthouse.Seleniumtest@31fa1761]" started-at="2023-02-08T13:40:26 EST" name="endTest" finished-at="2023-02-08T13:40:26 EST" duration-ms="276" status="PASS">
          <reporter-output>
          </reporter-output>
        </test-method> <!-- endTest -->
      </class> <!-- Lighthouse.Seleniumtest -->
    </test> <!-- Default test -->
  </suite> <!-- Default suite -->
</testng-results>
